<?xml version="1.0" encoding="UTF-8"?>
<coverage generated="1660433722329" clover="3.2.0">
  <project timestamp="1660433722329" name="All files">
    <metrics statements="134" coveredstatements="134" conditionals="39" coveredconditionals="38" methods="15" coveredmethods="15" elements="188" coveredelements="187" complexity="0" loc="134" ncloc="134" packages="6" files="7" classes="7"/>
    <package name="GcodeApi">
      <metrics statements="3" coveredstatements="3" conditionals="0" coveredconditionals="0" methods="0" coveredmethods="0"/>
      <file name="GcodeAPI.js" path="C:\Users\laaou\Desktop\gcode.js-3\gcode\src\API\GcodeApi\GcodeAPI.js">
        <metrics statements="3" coveredstatements="3" conditionals="0" coveredconditionals="0" methods="0" coveredmethods="0"/>
        <line num="1" count="1" type="stmt"/>
        <line num="2" count="1" type="stmt"/>
        <line num="3" count="1" type="stmt"/>
      </file>
    </package>
    <package name="GcodeApi.Gcommands">
      <metrics statements="29" coveredstatements="29" conditionals="10" coveredconditionals="10" methods="4" coveredmethods="4"/>
      <file name="Gcommands.js" path="C:\Users\laaou\Desktop\gcode.js-3\gcode\src\API\GcodeApi\Gcommands\Gcommands.js">
        <metrics statements="29" coveredstatements="29" conditionals="10" coveredconditionals="10" methods="4" coveredmethods="4"/>
        <line num="1" count="1" type="stmt"/>
        <line num="2" count="1" type="stmt"/>
        <line num="3" count="1" type="stmt"/>
        <line num="4" count="1" type="stmt"/>
        <line num="5" count="1" type="cond" truecount="1" falsecount="0"/>
        <line num="6" count="224" type="stmt"/>
        <line num="7" count="224" type="stmt"/>
        <line num="8" count="224" type="cond" truecount="2" falsecount="0"/>
        <line num="9" count="224" type="cond" truecount="2" falsecount="0"/>
        <line num="10" count="224" type="cond" truecount="2" falsecount="0"/>
        <line num="11" count="224" type="stmt"/>
        <line num="12" count="1" type="stmt"/>
        <line num="13" count="1" type="cond" truecount="1" falsecount="0"/>
        <line num="14" count="65" type="stmt"/>
        <line num="15" count="65" type="stmt"/>
        <line num="16" count="65" type="stmt"/>
        <line num="17" count="65" type="stmt"/>
        <line num="18" count="65" type="stmt"/>
        <line num="19" count="1" type="stmt"/>
        <line num="20" count="1" type="cond" truecount="1" falsecount="0"/>
        <line num="21" count="65" type="stmt"/>
        <line num="22" count="65" type="stmt"/>
        <line num="23" count="65" type="stmt"/>
        <line num="24" count="65" type="stmt"/>
        <line num="25" count="1" type="stmt"/>
        <line num="26" count="1" type="cond" truecount="1" falsecount="0"/>
        <line num="27" count="65" type="stmt"/>
        <line num="28" count="65" type="stmt"/>
        <line num="29" count="1" type="stmt"/>
      </file>
    </package>
    <package name="GcodeApi.Gcommands.G">
      <metrics statements="28" coveredstatements="28" conditionals="4" coveredconditionals="4" methods="4" coveredmethods="4"/>
      <file name="G0.js" path="C:\Users\laaou\Desktop\gcode.js-3\gcode\src\API\GcodeApi\Gcommands\G\G0.js">
        <metrics statements="14" coveredstatements="14" conditionals="2" coveredconditionals="2" methods="2" coveredmethods="2"/>
        <line num="1" count="1" type="stmt"/>
        <line num="2" count="1" type="stmt"/>
        <line num="3" count="1" type="stmt"/>
        <line num="4" count="1" type="cond" truecount="1" falsecount="0"/>
        <line num="5" count="43" type="stmt"/>
        <line num="6" count="43" type="stmt"/>
        <line num="7" count="43" type="stmt"/>
        <line num="8" count="1" type="stmt"/>
        <line num="9" count="1" type="cond" truecount="1" falsecount="0"/>
        <line num="10" count="15" type="stmt"/>
        <line num="11" count="15" type="stmt"/>
        <line num="12" count="15" type="stmt"/>
        <line num="13" count="15" type="stmt"/>
        <line num="14" count="1" type="stmt"/>
      </file>
      <file name="G1.js" path="C:\Users\laaou\Desktop\gcode.js-3\gcode\src\API\GcodeApi\Gcommands\G\G1.js">
        <metrics statements="14" coveredstatements="14" conditionals="2" coveredconditionals="2" methods="2" coveredmethods="2"/>
        <line num="1" count="1" type="stmt"/>
        <line num="2" count="1" type="stmt"/>
        <line num="3" count="1" type="stmt"/>
        <line num="4" count="1" type="cond" truecount="1" falsecount="0"/>
        <line num="5" count="113" type="stmt"/>
        <line num="6" count="113" type="stmt"/>
        <line num="7" count="113" type="stmt"/>
        <line num="8" count="1" type="stmt"/>
        <line num="9" count="1" type="cond" truecount="1" falsecount="0"/>
        <line num="10" count="50" type="stmt"/>
        <line num="11" count="50" type="stmt"/>
        <line num="12" count="50" type="stmt"/>
        <line num="13" count="50" type="stmt"/>
        <line num="14" count="1" type="stmt"/>
      </file>
    </package>
    <package name="GcodeApi.Gcommands.other.DirectionValues">
      <metrics statements="11" coveredstatements="11" conditionals="5" coveredconditionals="5" methods="1" coveredmethods="1"/>
      <file name="DirectionValues.js" path="C:\Users\laaou\Desktop\gcode.js-3\gcode\src\API\GcodeApi\Gcommands\other\DirectionValues\DirectionValues.js">
        <metrics statements="11" coveredstatements="11" conditionals="5" coveredconditionals="5" methods="1" coveredmethods="1"/>
        <line num="1" count="1" type="stmt"/>
        <line num="2" count="1" type="cond" truecount="1" falsecount="0"/>
        <line num="3" count="135" type="stmt"/>
        <line num="4" count="135" type="stmt"/>
        <line num="5" count="135" type="cond" truecount="1" falsecount="0"/>
        <line num="6" count="135" type="cond" truecount="1" falsecount="0"/>
        <line num="7" count="135" type="stmt"/>
        <line num="8" count="135" type="cond" truecount="1" falsecount="0"/>
        <line num="9" count="135" type="cond" truecount="1" falsecount="0"/>
        <line num="10" count="135" type="stmt"/>
        <line num="11" count="1" type="stmt"/>
      </file>
    </package>
    <package name="GcodeApi.Gcommands.other.Methods.MoveTo">
      <metrics statements="30" coveredstatements="30" conditionals="9" coveredconditionals="8" methods="2" coveredmethods="2"/>
      <file name="MoveTo.js" path="C:\Users\laaou\Desktop\gcode.js-3\gcode\src\API\GcodeApi\Gcommands\other\Methods\MoveTo\MoveTo.js">
        <metrics statements="30" coveredstatements="30" conditionals="9" coveredconditionals="8" methods="2" coveredmethods="2"/>
        <line num="1" count="1" type="stmt"/>
        <line num="2" count="1" type="stmt"/>
        <line num="3" count="1" type="stmt"/>
        <line num="4" count="1" type="stmt"/>
        <line num="5" count="1" type="cond" truecount="1" falsecount="0"/>
        <line num="6" count="65" type="stmt"/>
        <line num="7" count="65" type="stmt"/>
        <line num="8" count="65" type="stmt"/>
        <line num="9" count="65" type="cond" truecount="1" falsecount="0"/>
        <line num="10" count="65" type="cond" truecount="1" falsecount="0"/>
        <line num="11" count="65" type="stmt"/>
        <line num="12" count="65" type="stmt"/>
        <line num="13" count="65" type="stmt"/>
        <line num="14" count="65" type="stmt"/>
        <line num="15" count="65" type="cond" truecount="1" falsecount="0"/>
        <line num="16" count="65" type="cond" truecount="1" falsecount="0"/>
        <line num="17" count="65" type="stmt"/>
        <line num="18" count="65" type="stmt"/>
        <line num="19" count="65" type="cond" truecount="1" falsecount="0"/>
        <line num="20" count="65" type="cond" truecount="1" falsecount="1"/>
        <line num="21" count="65" type="stmt"/>
        <line num="22" count="1" type="stmt"/>
        <line num="23" count="1" type="cond" truecount="1" falsecount="0"/>
        <line num="24" count="65" type="stmt"/>
        <line num="25" count="65" type="stmt"/>
        <line num="26" count="65" type="stmt"/>
        <line num="27" count="65" type="stmt"/>
        <line num="28" count="65" type="stmt"/>
        <line num="29" count="65" type="stmt"/>
        <line num="30" count="1" type="stmt"/>
      </file>
    </package>
    <package name="GcodeApi.Gcommands.other.Specificy">
      <metrics statements="33" coveredstatements="33" conditionals="11" coveredconditionals="11" methods="4" coveredmethods="4"/>
      <file name="PositionSpecificy.js" path="C:\Users\laaou\Desktop\gcode.js-3\gcode\src\API\GcodeApi\Gcommands\other\Specificy\PositionSpecificy.js">
        <metrics statements="33" coveredstatements="33" conditionals="11" coveredconditionals="11" methods="4" coveredmethods="4"/>
        <line num="1" count="1" type="stmt"/>
        <line num="2" count="1" type="cond" truecount="1" falsecount="0"/>
        <line num="3" count="131" type="stmt"/>
        <line num="4" count="131" type="stmt"/>
        <line num="5" count="131" type="stmt"/>
        <line num="6" count="131" type="stmt"/>
        <line num="7" count="131" type="stmt"/>
        <line num="8" count="131" type="stmt"/>
        <line num="9" count="131" type="cond" truecount="1" falsecount="0"/>
        <line num="10" count="260" type="cond" truecount="1" falsecount="0"/>
        <line num="11" count="260" type="cond" truecount="1" falsecount="0"/>
        <line num="12" count="260" type="stmt"/>
        <line num="13" count="260" type="stmt"/>
        <line num="14" count="131" type="stmt"/>
        <line num="15" count="131" type="cond" truecount="1" falsecount="0"/>
        <line num="16" count="208" type="cond" truecount="1" falsecount="0"/>
        <line num="17" count="208" type="cond" truecount="1" falsecount="0"/>
        <line num="18" count="208" type="stmt"/>
        <line num="19" count="208" type="stmt"/>
        <line num="20" count="131" type="stmt"/>
        <line num="21" count="1" type="stmt"/>
        <line num="22" count="1" type="cond" truecount="1" falsecount="0"/>
        <line num="23" count="130" type="stmt"/>
        <line num="24" count="130" type="stmt"/>
        <line num="25" count="130" type="stmt"/>
        <line num="26" count="130" type="stmt"/>
        <line num="27" count="130" type="cond" truecount="1" falsecount="0"/>
        <line num="28" count="78" type="stmt"/>
        <line num="29" count="130" type="cond" truecount="1" falsecount="0"/>
        <line num="30" count="130" type="cond" truecount="1" falsecount="0"/>
        <line num="31" count="130" type="stmt"/>
        <line num="32" count="130" type="stmt"/>
        <line num="33" count="1" type="stmt"/>
      </file>
    </package>
  </project>
</coverage>
