<?xml version="1.0" encoding="UTF-8"?>
<coverage generated="1660427406706" clover="3.2.0">
  <project timestamp="1660427406706" name="All files">
    <metrics statements="125" coveredstatements="125" conditionals="37" coveredconditionals="36" methods="13" coveredmethods="13" elements="175" coveredelements="174" complexity="0" loc="125" ncloc="125" packages="5" files="6" classes="6"/>
    <package name="GcodeApi">
      <metrics statements="3" coveredstatements="3" conditionals="0" coveredconditionals="0" methods="0" coveredmethods="0"/>
      <file name="GcodeAPI.js" path="C:\Users\laaou\Desktop\gcode.js-3\gcode\src\API\GcodeApi\GcodeAPI.js">
        <metrics statements="3" coveredstatements="3" conditionals="0" coveredconditionals="0" methods="0" coveredmethods="0"/>
        <line num="1" count="1" type="stmt"/>
        <line num="2" count="1" type="stmt"/>
        <line num="3" count="1" type="stmt"/>
      </file>
    </package>
    <package name="GcodeApi.Gcommands">
      <metrics statements="50" coveredstatements="50" conditionals="17" coveredconditionals="16" methods="4" coveredmethods="4"/>
      <file name="Gcommands.js" path="C:\Users\laaou\Desktop\gcode.js-3\gcode\src\API\GcodeApi\Gcommands\Gcommands.js">
        <metrics statements="50" coveredstatements="50" conditionals="17" coveredconditionals="16" methods="4" coveredmethods="4"/>
        <line num="1" count="1" type="stmt"/>
        <line num="2" count="1" type="stmt"/>
        <line num="3" count="1" type="stmt"/>
        <line num="4" count="1" type="stmt"/>
        <line num="5" count="1" type="stmt"/>
        <line num="6" count="1" type="cond" truecount="1" falsecount="0"/>
        <line num="7" count="343" type="stmt"/>
        <line num="8" count="343" type="stmt"/>
        <line num="9" count="343" type="cond" truecount="2" falsecount="0"/>
        <line num="10" count="343" type="cond" truecount="2" falsecount="0"/>
        <line num="11" count="343" type="cond" truecount="2" falsecount="0"/>
        <line num="12" count="343" type="stmt"/>
        <line num="13" count="1" type="stmt"/>
        <line num="14" count="1" type="cond" truecount="1" falsecount="0"/>
        <line num="15" count="100" type="stmt"/>
        <line num="16" count="100" type="stmt"/>
        <line num="17" count="100" type="stmt"/>
        <line num="18" count="100" type="stmt"/>
        <line num="19" count="100" type="stmt"/>
        <line num="20" count="1" type="stmt"/>
        <line num="21" count="1" type="cond" truecount="1" falsecount="0"/>
        <line num="22" count="100" type="stmt"/>
        <line num="23" count="100" type="stmt"/>
        <line num="24" count="100" type="stmt"/>
        <line num="25" count="100" type="stmt"/>
        <line num="26" count="1" type="stmt"/>
        <line num="27" count="1" type="cond" truecount="1" falsecount="0"/>
        <line num="28" count="100" type="stmt"/>
        <line num="29" count="100" type="stmt"/>
        <line num="30" count="100" type="cond" truecount="1" falsecount="0"/>
        <line num="31" count="100" type="cond" truecount="1" falsecount="0"/>
        <line num="32" count="100" type="stmt"/>
        <line num="33" count="100" type="stmt"/>
        <line num="34" count="100" type="stmt"/>
        <line num="35" count="100" type="cond" truecount="1" falsecount="0"/>
        <line num="36" count="100" type="cond" truecount="1" falsecount="0"/>
        <line num="37" count="100" type="stmt"/>
        <line num="38" count="100" type="stmt"/>
        <line num="39" count="100" type="cond" truecount="1" falsecount="0"/>
        <line num="40" count="100" type="cond" truecount="1" falsecount="1"/>
        <line num="41" count="100" type="stmt"/>
        <line num="42" count="100" type="stmt"/>
        <line num="43" count="100" type="stmt"/>
        <line num="44" count="100" type="stmt"/>
        <line num="45" count="100" type="stmt"/>
        <line num="46" count="100" type="stmt"/>
        <line num="47" count="100" type="stmt"/>
        <line num="48" count="100" type="stmt"/>
        <line num="49" count="100" type="stmt"/>
        <line num="50" count="1" type="stmt"/>
      </file>
    </package>
    <package name="GcodeApi.Gcommands.G">
      <metrics statements="28" coveredstatements="28" conditionals="4" coveredconditionals="4" methods="4" coveredmethods="4"/>
      <file name="G0.js" path="C:\Users\laaou\Desktop\gcode.js-3\gcode\src\API\GcodeApi\Gcommands\G\G0.js">
        <metrics statements="14" coveredstatements="14" conditionals="2" coveredconditionals="2" methods="2" coveredmethods="2"/>
        <line num="1" count="1" type="stmt"/>
        <line num="2" count="1" type="stmt"/>
        <line num="3" count="1" type="stmt"/>
        <line num="4" count="1" type="cond" truecount="1" falsecount="0"/>
        <line num="5" count="120" type="stmt"/>
        <line num="6" count="120" type="stmt"/>
        <line num="7" count="120" type="stmt"/>
        <line num="8" count="1" type="stmt"/>
        <line num="9" count="1" type="cond" truecount="1" falsecount="0"/>
        <line num="10" count="50" type="stmt"/>
        <line num="11" count="50" type="stmt"/>
        <line num="12" count="50" type="stmt"/>
        <line num="13" count="50" type="stmt"/>
        <line num="14" count="1" type="stmt"/>
      </file>
      <file name="G1.js" path="C:\Users\laaou\Desktop\gcode.js-3\gcode\src\API\GcodeApi\Gcommands\G\G1.js">
        <metrics statements="14" coveredstatements="14" conditionals="2" coveredconditionals="2" methods="2" coveredmethods="2"/>
        <line num="1" count="1" type="stmt"/>
        <line num="2" count="1" type="stmt"/>
        <line num="3" count="1" type="stmt"/>
        <line num="4" count="1" type="cond" truecount="1" falsecount="0"/>
        <line num="5" count="120" type="stmt"/>
        <line num="6" count="120" type="stmt"/>
        <line num="7" count="120" type="stmt"/>
        <line num="8" count="1" type="stmt"/>
        <line num="9" count="1" type="cond" truecount="1" falsecount="0"/>
        <line num="10" count="50" type="stmt"/>
        <line num="11" count="50" type="stmt"/>
        <line num="12" count="50" type="stmt"/>
        <line num="13" count="50" type="stmt"/>
        <line num="14" count="1" type="stmt"/>
      </file>
    </package>
    <package name="GcodeApi.Gcommands.other.DirectionValues">
      <metrics statements="11" coveredstatements="11" conditionals="5" coveredconditionals="5" methods="1" coveredmethods="1"/>
      <file name="DirectionValues.js" path="C:\Users\laaou\Desktop\gcode.js-3\gcode\src\API\GcodeApi\Gcommands\other\DirectionValues\DirectionValues.js">
        <metrics statements="11" coveredstatements="11" conditionals="5" coveredconditionals="5" methods="1" coveredmethods="1"/>
        <line num="1" count="1" type="stmt"/>
        <line num="2" count="1" type="cond" truecount="1" falsecount="0"/>
        <line num="3" count="205" type="stmt"/>
        <line num="4" count="205" type="stmt"/>
        <line num="5" count="205" type="cond" truecount="1" falsecount="0"/>
        <line num="6" count="205" type="cond" truecount="1" falsecount="0"/>
        <line num="7" count="205" type="stmt"/>
        <line num="8" count="205" type="cond" truecount="1" falsecount="0"/>
        <line num="9" count="205" type="cond" truecount="1" falsecount="0"/>
        <line num="10" count="205" type="stmt"/>
        <line num="11" count="1" type="stmt"/>
      </file>
    </package>
    <package name="GcodeApi.Gcommands.other.Specificy">
      <metrics statements="33" coveredstatements="33" conditionals="11" coveredconditionals="11" methods="4" coveredmethods="4"/>
      <file name="PositionSpecificy.js" path="C:\Users\laaou\Desktop\gcode.js-3\gcode\src\API\GcodeApi\Gcommands\other\Specificy\PositionSpecificy.js">
        <metrics statements="33" coveredstatements="33" conditionals="11" coveredconditionals="11" methods="4" coveredmethods="4"/>
        <line num="1" count="1" type="stmt"/>
        <line num="2" count="1" type="cond" truecount="1" falsecount="0"/>
        <line num="3" count="201" type="stmt"/>
        <line num="4" count="201" type="stmt"/>
        <line num="5" count="201" type="stmt"/>
        <line num="6" count="201" type="stmt"/>
        <line num="7" count="201" type="stmt"/>
        <line num="8" count="201" type="stmt"/>
        <line num="9" count="201" type="cond" truecount="1" falsecount="0"/>
        <line num="10" count="400" type="cond" truecount="1" falsecount="0"/>
        <line num="11" count="400" type="cond" truecount="1" falsecount="0"/>
        <line num="12" count="400" type="stmt"/>
        <line num="13" count="400" type="stmt"/>
        <line num="14" count="201" type="stmt"/>
        <line num="15" count="201" type="cond" truecount="1" falsecount="0"/>
        <line num="16" count="320" type="cond" truecount="1" falsecount="0"/>
        <line num="17" count="320" type="cond" truecount="1" falsecount="0"/>
        <line num="18" count="320" type="stmt"/>
        <line num="19" count="320" type="stmt"/>
        <line num="20" count="201" type="stmt"/>
        <line num="21" count="1" type="stmt"/>
        <line num="22" count="1" type="cond" truecount="1" falsecount="0"/>
        <line num="23" count="200" type="stmt"/>
        <line num="24" count="200" type="stmt"/>
        <line num="25" count="200" type="stmt"/>
        <line num="26" count="200" type="stmt"/>
        <line num="27" count="200" type="cond" truecount="1" falsecount="0"/>
        <line num="28" count="120" type="stmt"/>
        <line num="29" count="200" type="cond" truecount="1" falsecount="0"/>
        <line num="30" count="200" type="cond" truecount="1" falsecount="0"/>
        <line num="31" count="200" type="stmt"/>
        <line num="32" count="200" type="stmt"/>
        <line num="33" count="1" type="stmt"/>
      </file>
    </package>
  </project>
</coverage>
